<?xml version="1.0" encoding="UTF-8"?>
<!-- Generated by org.testng.reporters.JUnitReportReporter -->
<testsuite hostname="INTLAP-485-Subir-Sarkar" failures="0" tests="1" name="com.inetbanking.testCases.TC_LoginTest_001" time="5.650" errors="0" timestamp="2024-01-24T21:35:41 IST" skipped="0">
  <testcase classname="com.inetbanking.testCases.TC_LoginTest_001" name="LoginTest" time="5.650"/>
  <system-out/>
</testsuite> <!-- com.inetbanking.testCases.TC_LoginTest_001 -->
